[2026-01-27T13:51:37.399Z] INFO: Loading middlewares...
[2026-01-27T13:51:37.404Z] INFO: Connecting database...
[2026-01-27T13:51:37.435Z] INFO: Database connected
[2026-01-27T13:51:37.435Z] INFO: Routes mounted: 0 endpoints (Day-1)
[2026-01-27T13:51:37.437Z] INFO: Server started on port 3000
[2026-01-28T06:55:32.329Z] INFO: Loading middlewares...
[2026-01-28T06:55:32.332Z] INFO: Connecting database...
[2026-01-28T06:55:32.350Z] INFO: Database connected
[2026-01-28T06:55:32.350Z] INFO: Routes mounted: 0 endpoints (Day-1)
[2026-01-28T06:55:32.352Z] INFO: Server started on port 3000
[2026-01-28T11:34:16.001Z] INFO: Loading middlewares...
[2026-01-28T11:34:16.003Z] INFO: Connecting database...
[2026-01-28T11:34:16.023Z] INFO: Database connected
[2026-01-28T11:43:27.217Z] INFO: Loading middlewares...
[2026-01-28T11:43:27.220Z] INFO: Connecting database...
[2026-01-28T11:43:27.241Z] INFO: Database connected
[2026-01-28T11:43:27.241Z] INFO: Routes mounted: 0 endpoints (Day-1)
[2026-01-28T11:45:49.897Z] INFO: Loading middlewares...
[2026-01-28T11:45:49.899Z] INFO: Connecting database...
[2026-01-28T11:45:49.918Z] INFO: Database connected
[2026-01-28T11:45:49.918Z] INFO: Routes mounted: 0 endpoints (Day-1)
[2026-01-28T11:51:13.713Z] INFO: Loading middlewares...
[2026-01-28T11:51:13.716Z] INFO: Connecting database...
[2026-01-28T11:51:13.735Z] INFO: Database connected
[2026-01-28T11:51:13.735Z] INFO: Routes mounted: 0 endpoints (Day-1)
[2026-01-28T11:53:24.195Z] INFO: Loading middlewares...
[2026-01-28T11:53:24.197Z] INFO: Connecting database...
[2026-01-28T11:53:24.219Z] INFO: Database connected
[2026-01-28T11:53:24.219Z] INFO: Routes mounted: 0 endpoints (Day-1)
[2026-01-29T10:32:07.835Z] INFO: Loading middlewares...
[2026-01-29T10:32:07.838Z] INFO: Connecting database...
[2026-01-29T10:32:07.855Z] INFO: Database connected
[2026-01-29T10:32:07.855Z] INFO: Routes mounted: 0 endpoints (Day-1)
[2026-01-29T10:32:07.856Z] INFO: Server started on port 3000
[2026-01-29T10:32:54.778Z] INFO: Loading middlewares...
[2026-01-29T10:32:54.780Z] INFO: Connecting database...
[2026-01-29T10:32:54.802Z] INFO: Database connected
[2026-01-29T10:32:54.802Z] INFO: Routes mounted: 0 endpoints (Day-1)
[2026-01-29T12:47:16.914Z] INFO: Loading middlewares...
[2026-01-29T12:47:16.919Z] INFO: Connecting database...
[2026-01-29T12:47:16.950Z] INFO: Database connected
[2026-01-29T12:47:16.951Z] INFO: Routes mounted: 0 endpoints (Day-1)
[2026-01-29T12:47:16.953Z] INFO: Server started on port 3000
[2026-01-29T12:50:33.693Z] INFO: Loading middlewares...
[2026-01-29T12:50:33.697Z] INFO: Connecting database...
[2026-01-29T12:50:33.735Z] INFO: Database connected
[2026-01-29T12:50:33.735Z] INFO: Routes mounted: 0 endpoints (Day-1)
[2026-01-29T12:50:33.739Z] INFO: Server started on port 3000
[2026-01-29T12:54:29.766Z] INFO: Loading middlewares...
[2026-01-29T12:54:29.770Z] INFO: Connecting database...
[2026-01-29T12:54:29.805Z] INFO: Database connected
[2026-01-29T12:54:29.806Z] INFO: Routes mounted: 0 endpoints (Day-1)
[2026-01-29T12:54:29.809Z] INFO: Server started on port 3000
[2026-01-30T07:37:44.730Z] INFO: Loading middlewares...
[2026-01-30T07:37:44.732Z] INFO: Connecting database...
[2026-01-30T07:37:44.750Z] INFO: Database connected
[2026-01-30T07:37:44.750Z] INFO: Routes mounted: 0 endpoints (Day-1)
[2026-01-30T07:37:44.752Z] INFO: Server started on port 3000
[2026-01-30T12:14:40.395Z] INFO: Loading middlewares...
[2026-01-30T12:14:40.397Z] INFO: Connecting database...
[2026-01-30T12:14:40.419Z] INFO: Database connected
[2026-01-30T12:14:40.419Z] INFO: Routes mounted: 0 endpoints (Day-1)
[2026-01-30T12:14:40.421Z] INFO: Server started on port 3000
[2026-02-02T09:32:23.070Z] INFO: Loading middlewares...
[2026-02-02T09:32:23.072Z] INFO: Connecting database...
[2026-02-02T09:32:23.105Z] INFO: Database connected
[2026-02-02T09:32:23.106Z] INFO: Routes mounted: 0 endpoints (Day-1)
[2026-02-02T09:32:23.110Z] INFO: Server started on port 3000
[2026-02-02T10:25:04.405Z] INFO: Loading middlewares...
[2026-02-02T10:25:04.406Z] INFO: Connecting database...
[2026-02-02T10:25:04.424Z] INFO: Database connected
[2026-02-02T10:25:04.424Z] INFO: Routes mounted: 0 endpoints (Day-1)
[2026-02-02T10:25:04.426Z] INFO: Server started on port 3000
[2026-02-02T10:26:20.724Z] INFO: Loading middlewares...
[2026-02-02T10:26:20.726Z] INFO: Connecting database...
[2026-02-02T10:26:20.748Z] INFO: Database connected
[2026-02-02T10:26:20.748Z] INFO: Routes mounted: 0 endpoints (Day-1)
[2026-02-02T10:26:20.750Z] INFO: Server started on port 3000
[2026-02-02T10:59:23.365Z] INFO: Loading middlewares...
[2026-02-02T10:59:23.367Z] INFO: Connecting database...
[2026-02-02T10:59:23.385Z] INFO: Database connected
[2026-02-02T10:59:23.385Z] INFO: Routes mounted: 0 endpoints (Day-1)
[2026-02-02T10:59:23.387Z] INFO: Server started on port 3000
[2026-02-02T11:40:18.573Z] INFO: Loading middlewares...
[2026-02-02T11:40:18.575Z] INFO: Connecting database...
[2026-02-02T11:40:18.597Z] INFO: Database connected
[2026-02-02T11:40:18.597Z] INFO: Routes mounted: 0 endpoints (Day-1)
[2026-02-02T11:40:18.599Z] INFO: Server started on port 3000
[2026-02-02T12:43:32.481Z] INFO: Loading middlewares...
[2026-02-02T12:43:32.483Z] INFO: Connecting database...
[2026-02-02T12:43:32.505Z] INFO: Database connected
[2026-02-02T12:43:32.505Z] INFO: Routes mounted: 0 endpoints (Day-1)
[2026-02-02T12:43:32.507Z] INFO: Server started on port 3000
[2026-02-02T12:44:15.036Z] INFO: Loading middlewares...
[2026-02-02T12:44:15.037Z] INFO: Connecting database...
[2026-02-02T12:44:15.056Z] INFO: Database connected
[2026-02-02T12:44:15.056Z] INFO: Routes mounted: 0 endpoints (Day-1)
[2026-02-02T12:44:15.058Z] INFO: Server started on port 3000
[2026-02-02T12:46:47.606Z] INFO: Loading middlewares...
[2026-02-02T12:46:47.607Z] INFO: Connecting database...
[2026-02-02T12:46:47.625Z] INFO: Database connected
[2026-02-02T12:46:47.626Z] INFO: Routes mounted: 0 endpoints (Day-1)
[2026-02-02T12:46:47.627Z] INFO: Server started on port 3000
[2026-02-02T12:49:11.180Z] INFO: Loading middlewares...
[2026-02-02T12:49:11.181Z] INFO: Connecting database...
[2026-02-02T12:49:11.200Z] INFO: Database connected
[2026-02-02T12:49:11.200Z] INFO: Routes mounted: 0 endpoints (Day-1)
[2026-02-02T12:49:11.202Z] INFO: Server started on port 3000
[2026-02-02T12:55:43.530Z] INFO: Loading middlewares...
[2026-02-02T12:55:43.531Z] INFO: Connecting database...
[2026-02-02T12:55:43.549Z] INFO: Database connected
[2026-02-02T12:55:43.549Z] INFO: Routes mounted: 0 endpoints (Day-1)
[2026-02-02T12:55:43.551Z] INFO: Server started on port 3000
[2026-02-03T07:57:16.527Z] INFO: Loading middlewares...
[2026-02-03T07:57:16.529Z] INFO: Connecting database...
[2026-02-03T07:57:16.549Z] INFO: Database connected
[2026-02-03T07:57:16.549Z] INFO: Routes mounted: 0 endpoints (Day-1)
[2026-02-03T07:57:16.551Z] INFO: Server started on port 3000
[2026-02-03T08:10:28.659Z] INFO: Loading middlewares...
[2026-02-03T08:10:28.661Z] INFO: Connecting database...
[2026-02-03T08:10:28.678Z] INFO: Database connected
[2026-02-03T08:10:28.679Z] INFO: Routes mounted: 0 endpoints (Day-1)
[2026-02-03T08:10:28.680Z] INFO: Server started on port 3000
[2026-02-03T08:11:12.471Z] INFO: ::1 - - [03/Feb/2026:08:11:12 +0000] "GET /products HTTP/1.1" 200 756 "-" "curl/8.5.0"
[2026-02-03T08:55:01.053Z] INFO: ::1 - - [03/Feb/2026:08:55:01 +0000] "GET /products HTTP/1.1" 200 756 "-" "PostmanRuntime/7.49.1"
[2026-02-03T09:23:04.251Z] INFO [-] Loading middlewares...
[2026-02-03T09:23:04.260Z] INFO [-] Connecting database...
[2026-02-03T09:23:04.313Z] INFO [-] Database connected
[2026-02-03T09:23:04.313Z] INFO [-] Routes mounted: 0 endpoints (Day-1)
[2026-02-03T09:23:04.317Z] INFO [-] Server started on port 3000
[2026-02-03T09:25:29.529Z] INFO [-] ::1 - - [03/Feb/2026:09:25:29 +0000] "PUT /products/697ca0c0e7c778a5be04dc27 HTTP/1.1" 200 303 "-" "curl/8.5.0"
[2026-02-03T09:27:46.522Z] INFO [-] ::1 - - [03/Feb/2026:09:27:46 +0000] "PUT /products/697ca0c0e7c778a5be04dc27 HTTP/1.1" 200 303 "-" "curl/8.5.0"
[2026-02-03T09:57:04.994Z] INFO [-]: Loading middlewares...
[2026-02-03T09:57:04.996Z] INFO [-]: Connecting database...
[2026-02-03T09:57:05.059Z] INFO [-]: Database connected
[2026-02-03T09:57:05.059Z] INFO [-]: Routes mounted: 0 endpoints (Day-1)
[2026-02-03T09:57:05.063Z] INFO [-]: Server started on port 3000
[2026-02-03T09:57:10.677Z] INFO [-]: ::1 - - [03/Feb/2026:09:57:10 +0000] "PUT /products/697ca0c0e7c778a5be04dc27 HTTP/1.1" 500 405 "-" "curl/8.5.0"
[2026-02-03T10:00:26.546Z] INFO [-]: Loading middlewares...
[2026-02-03T10:00:26.549Z] INFO [-]: Connecting database...
[2026-02-03T10:00:26.597Z] INFO [-]: Database connected
[2026-02-03T10:00:26.597Z] INFO [-]: Routes mounted: 0 endpoints (Day-1)
[2026-02-03T10:00:26.600Z] INFO [-]: Server started on port 3000
[2026-02-03T10:00:29.976Z] INFO [4f70cce7-8041-4506-a84d-ecc1690eea23]: Product updated
[2026-02-03T10:00:29.981Z] INFO [-]: ::1 - - [03/Feb/2026:10:00:29 +0000] "PUT /products/697ca0c0e7c778a5be04dc27 HTTP/1.1" 200 303 "-" "curl/8.5.0"
[2026-02-03T10:56:00.695Z] INFO [-]: Loading middlewares...
[2026-02-03T10:56:00.697Z] INFO [-]: Connecting database...
[2026-02-03T10:56:00.724Z] INFO [-]: Database connected
[2026-02-03T10:56:00.724Z] INFO [-]: Routes mounted: 0 endpoints (Day-1)
[2026-02-03T10:56:00.725Z] INFO [-]: Server started on port 3000
[2026-02-03T10:58:32.407Z] INFO [-]: ::1 - - [03/Feb/2026:10:58:32 +0000] "GET /products%0A HTTP/1.1" 404 150 "-" "PostmanRuntime/7.49.1"
[2026-02-03T10:58:53.502Z] INFO [-]: ::1 - - [03/Feb/2026:10:58:53 +0000] "GET /products HTTP/1.1" 200 760 "-" "PostmanRuntime/7.49.1"
[2026-02-03T11:02:27.162Z] INFO [-]: ::1 - - [03/Feb/2026:11:02:27 +0000] "POST /products HTTP/1.1" 201 303 "-" "PostmanRuntime/7.49.1"
[2026-02-03T11:04:13.156Z] INFO [8c268990-8faa-4c0f-bdcb-559a3a61b3e1]: Product updated
[2026-02-03T11:04:13.157Z] INFO [-]: ::1 - - [03/Feb/2026:11:04:13 +0000] "PUT /products/697ca0c0e7c778a5be04dc27 HTTP/1.1" 200 303 "-" "PostmanRuntime/7.49.1"
[2026-02-03T11:05:47.498Z] INFO [-]: ::1 - - [03/Feb/2026:11:05:47 +0000] "POST /products HTTP/1.1" 500 1381 "-" "PostmanRuntime/7.49.1"
[2026-02-03T11:06:58.193Z] INFO [2aa332c0-70c1-4fee-b053-621e28caa238]: Product updated
[2026-02-03T11:06:58.194Z] INFO [-]: ::1 - - [03/Feb/2026:11:06:58 +0000] "PUT /products/697ca0c0e7c778a5be04dc27 HTTP/1.1" 200 303 "-" "PostmanRuntime/7.49.1"
[2026-02-03T11:07:45.269Z] INFO [-]: ::1 - - [03/Feb/2026:11:07:45 +0000] "PUT /products/697ca0c0e7c778a5be04dc27 HTTP/1.1" 400 124 "-" "curl/8.5.0"
[2026-02-03T11:08:19.040Z] INFO [bee07510-c641-4f45-95b7-55a26cf7c769]: Product updated
[2026-02-03T11:08:19.041Z] INFO [-]: ::1 - - [03/Feb/2026:11:08:19 +0000] "PUT /products/697ca0c0e7c778a5be04dc27 HTTP/1.1" 200 303 "-" "PostmanRuntime/7.49.1"
[2026-02-03T11:09:02.421Z] INFO [-]: ::1 - - [03/Feb/2026:11:09:02 +0000] "PUT /products/697ca0c0e7c778a5be04dc27 HTTP/1.1" 400 124 "-" "PostmanRuntime/7.49.1"
